<?xml version="1.0" encoding="UTF-8"?>
<testsuite xmlns:xsi="http://www.w3.org/2001/XMLSchema-instance" xsi:noNamespaceSchemaLocation="https://maven.apache.org/surefire/maven-surefire-plugin/xsd/surefire-test-report-3.0.xsd" version="3.0" name="br.com.fivetec.processors.custom.MyProcessorTest" time="0.319" tests="1" errors="0" skipped="0" failures="0">
  <properties>
    <property name="sun.desktop" value="windows"/>
    <property name="awt.toolkit" value="sun.awt.windows.WToolkit"/>
    <property name="file.encoding.pkg" value="sun.io"/>
    <property name="java.specification.version" value="1.8"/>
    <property name="sun.cpu.isalist" value="amd64"/>
    <property name="sun.jnu.encoding" value="Cp1252"/>
    <property name="java.class.path" value="C:\Users\leandro.asouza\Desktop\custom-processor\nifi-custom-processors\target\test-classes;C:\Users\leandro.asouza\Desktop\custom-processor\nifi-custom-processors\target\classes;C:\Users\leandro.asouza\.m2\repository\org\apache\nifi\nifi-api\1.15.3\nifi-api-1.15.3.jar;C:\Users\leandro.asouza\.m2\repository\org\apache\nifi\nifi-utils\1.15.3\nifi-utils-1.15.3.jar;C:\Users\leandro.asouza\.m2\repository\org\apache\nifi\nifi-mock\1.15.3\nifi-mock-1.15.3.jar;C:\Users\leandro.asouza\.m2\repository\org\apache\nifi\nifi-framework-api\1.15.3\nifi-framework-api-1.15.3.jar;C:\Users\leandro.asouza\.m2\repository\org\apache\nifi\nifi-parameter\1.15.3\nifi-parameter-1.15.3.jar;C:\Users\leandro.asouza\.m2\repository\org\apache\nifi\nifi-framework-core-api\1.15.3\nifi-framework-core-api-1.15.3.jar;C:\Users\leandro.asouza\.m2\repository\org\apache\nifi\nifi-framework-nar-utils\1.15.3\nifi-framework-nar-utils-1.15.3.jar;C:\Users\leandro.asouza\.m2\repository\org\apache\nifi\nifi-client-dto\1.15.3\nifi-client-dto-1.15.3.jar;C:\Users\leandro.asouza\.m2\repository\io\swagger\swagger-annotations\1.6.0\swagger-annotations-1.6.0.jar;C:\Users\leandro.asouza\.m2\repository\org\apache\nifi\nifi-site-to-site-client\1.15.3\nifi-site-to-site-client-1.15.3.jar;C:\Users\leandro.asouza\.m2\repository\org\apache\nifi\nifi-security-utils\1.15.3\nifi-security-utils-1.15.3.jar;C:\Users\leandro.asouza\.m2\repository\org\apache\nifi\nifi-security-utils-api\1.15.3\nifi-security-utils-api-1.15.3.jar;C:\Users\leandro.asouza\.m2\repository\org\apache\nifi\nifi-security-kms\1.15.3\nifi-security-kms-1.15.3.jar;C:\Users\leandro.asouza\.m2\repository\org\bouncycastle\bcprov-jdk15on\1.70\bcprov-jdk15on-1.70.jar;C:\Users\leandro.asouza\.m2\repository\org\bouncycastle\bcpkix-jdk15on\1.70\bcpkix-jdk15on-1.70.jar;C:\Users\leandro.asouza\.m2\repository\org\bouncycastle\bcutil-jdk15on\1.70\bcutil-jdk15on-1.70.jar;C:\Users\leandro.asouza\.m2\repository\org\apache\nifi\nifi-properties\1.15.3\nifi-properties-1.15.3.jar;C:\Users\leandro.asouza\.m2\repository\org\apache\nifi\nifi-property-utils\1.15.3\nifi-property-utils-1.15.3.jar;C:\Users\leandro.asouza\.m2\repository\at\favre\lib\bcrypt\0.9.0\bcrypt-0.9.0.jar;C:\Users\leandro.asouza\.m2\repository\at\favre\lib\bytes\1.3.0\bytes-1.3.0.jar;C:\Users\leandro.asouza\.m2\repository\org\apache\commons\commons-configuration2\2.7\commons-configuration2-2.7.jar;C:\Users\leandro.asouza\.m2\repository\org\apache\httpcomponents\httpclient\4.5.5\httpclient-4.5.5.jar;C:\Users\leandro.asouza\.m2\repository\org\apache\httpcomponents\httpcore\4.4.9\httpcore-4.4.9.jar;C:\Users\leandro.asouza\.m2\repository\org\apache\httpcomponents\httpasyncclient\4.1.4\httpasyncclient-4.1.4.jar;C:\Users\leandro.asouza\.m2\repository\org\apache\httpcomponents\httpcore-nio\4.4.10\httpcore-nio-4.4.10.jar;C:\Users\leandro.asouza\.m2\repository\org\apache\commons\commons-lang3\3.9\commons-lang3-3.9.jar;C:\Users\leandro.asouza\.m2\repository\org\apache\nifi\nifi-framework-authorization\1.15.3\nifi-framework-authorization-1.15.3.jar;C:\Users\leandro.asouza\.m2\repository\org\apache\nifi\registry\nifi-registry-data-model\1.15.3\nifi-registry-data-model-1.15.3.jar;C:\Users\leandro.asouza\.m2\repository\javax\validation\validation-api\2.0.1.Final\validation-api-2.0.1.Final.jar;C:\Users\leandro.asouza\.m2\repository\javax\ws\rs\javax.ws.rs-api\2.1\javax.ws.rs-api-2.1.jar;C:\Users\leandro.asouza\.m2\repository\org\apache\nifi\registry\nifi-registry-revision-entity-model\1.15.3\nifi-registry-revision-entity-model-1.15.3.jar;C:\Users\leandro.asouza\.m2\repository\org\apache\nifi\registry\nifi-registry-client\1.15.3\nifi-registry-client-1.15.3.jar;C:\Users\leandro.asouza\.m2\repository\org\apache\nifi\registry\nifi-registry-security-utils\1.15.3\nifi-registry-security-utils-1.15.3.jar;C:\Users\leandro.asouza\.m2\repository\org\glassfish\jersey\core\jersey-client\2.33\jersey-client-2.33.jar;C:\Users\leandro.asouza\.m2\repository\jakarta\ws\rs\jakarta.ws.rs-api\2.1.6\jakarta.ws.rs-api-2.1.6.jar;C:\Users\leandro.asouza\.m2\repository\org\glassfish\hk2\external\jakarta.inject\2.6.1\jakarta.inject-2.6.1.jar;C:\Users\leandro.asouza\.m2\repository\org\glassfish\jersey\media\jersey-media-json-jackson\2.33\jersey-media-json-jackson-2.33.jar;C:\Users\leandro.asouza\.m2\repository\org\glassfish\jersey\ext\jersey-entity-filtering\2.33\jersey-entity-filtering-2.33.jar;C:\Users\leandro.asouza\.m2\repository\com\fasterxml\jackson\module\jackson-module-jaxb-annotations\2.11.3\jackson-module-jaxb-annotations-2.11.3.jar;C:\Users\leandro.asouza\.m2\repository\jakarta\xml\bind\jakarta.xml.bind-api\2.3.2\jakarta.xml.bind-api-2.3.2.jar;C:\Users\leandro.asouza\.m2\repository\jakarta\activation\jakarta.activation-api\1.2.1\jakarta.activation-api-1.2.1.jar;C:\Users\leandro.asouza\.m2\repository\org\glassfish\jersey\inject\jersey-hk2\2.33\jersey-hk2-2.33.jar;C:\Users\leandro.asouza\.m2\repository\org\glassfish\hk2\hk2-locator\2.6.1\hk2-locator-2.6.1.jar;C:\Users\leandro.asouza\.m2\repository\org\glassfish\hk2\external\aopalliance-repackaged\2.6.1\aopalliance-repackaged-2.6.1.jar;C:\Users\leandro.asouza\.m2\repository\org\glassfish\hk2\hk2-api\2.6.1\hk2-api-2.6.1.jar;C:\Users\leandro.asouza\.m2\repository\org\glassfish\hk2\hk2-utils\2.6.1\hk2-utils-2.6.1.jar;C:\Users\leandro.asouza\.m2\repository\org\javassist\javassist\3.25.0-GA\javassist-3.25.0-GA.jar;C:\Users\leandro.asouza\.m2\repository\org\glassfish\jersey\core\jersey-common\2.33\jersey-common-2.33.jar;C:\Users\leandro.asouza\.m2\repository\jakarta\annotation\jakarta.annotation-api\1.3.5\jakarta.annotation-api-1.3.5.jar;C:\Users\leandro.asouza\.m2\repository\org\glassfish\hk2\osgi-resource-locator\1.0.3\osgi-resource-locator-1.0.3.jar;C:\Users\leandro.asouza\.m2\repository\org\glassfish\jersey\media\jersey-media-multipart\2.33\jersey-media-multipart-2.33.jar;C:\Users\leandro.asouza\.m2\repository\org\jvnet\mimepull\mimepull\1.9.13\mimepull-1.9.13.jar;C:\Users\leandro.asouza\.m2\repository\org\apache\nifi\nifi-expression-language\1.15.3\nifi-expression-language-1.15.3.jar;C:\Users\leandro.asouza\.m2\repository\org\antlr\antlr-runtime\3.5.2\antlr-runtime-3.5.2.jar;C:\Users\leandro.asouza\.m2\repository\org\apache\nifi\nifi-uuid5\1.15.3\nifi-uuid5-1.15.3.jar;C:\Users\leandro.asouza\.m2\repository\com\jayway\jsonpath\json-path\2.6.0\json-path-2.6.0.jar;C:\Users\leandro.asouza\.m2\repository\net\minidev\json-smart\2.4.7\json-smart-2.4.7.jar;C:\Users\leandro.asouza\.m2\repository\net\minidev\accessors-smart\2.4.7\accessors-smart-2.4.7.jar;C:\Users\leandro.asouza\.m2\repository\org\ow2\asm\asm\9.1\asm-9.1.jar;C:\Users\leandro.asouza\.m2\repository\com\fasterxml\jackson\core\jackson-databind\2.12.5\jackson-databind-2.12.5.jar;C:\Users\leandro.asouza\.m2\repository\com\fasterxml\jackson\core\jackson-annotations\2.12.5\jackson-annotations-2.12.5.jar;C:\Users\leandro.asouza\.m2\repository\com\fasterxml\jackson\core\jackson-core\2.12.5\jackson-core-2.12.5.jar;C:\Users\leandro.asouza\.m2\repository\org\apache\commons\commons-text\1.8\commons-text-1.8.jar;C:\Users\leandro.asouza\.m2\repository\commons-codec\commons-codec\1.14\commons-codec-1.14.jar;C:\Users\leandro.asouza\.m2\repository\org\apache\nifi\nifi-data-provenance-utils\1.15.3\nifi-data-provenance-utils-1.15.3.jar;C:\Users\leandro.asouza\.m2\repository\org\slf4j\slf4j-simple\1.7.32\slf4j-simple-1.7.32.jar;C:\Users\leandro.asouza\.m2\repository\org\slf4j\slf4j-api\1.7.32\slf4j-api-1.7.32.jar;C:\Users\leandro.asouza\.m2\repository\junit\junit\4.13.2\junit-4.13.2.jar;C:\Users\leandro.asouza\.m2\repository\org\hamcrest\hamcrest-core\1.3\hamcrest-core-1.3.jar;C:\Users\leandro.asouza\.m2\repository\org\junit\jupiter\junit-jupiter-api\5.7.2\junit-jupiter-api-5.7.2.jar;C:\Users\leandro.asouza\.m2\repository\org\apiguardian\apiguardian-api\1.1.0\apiguardian-api-1.1.0.jar;C:\Users\leandro.asouza\.m2\repository\org\opentest4j\opentest4j\1.2.0\opentest4j-1.2.0.jar;C:\Users\leandro.asouza\.m2\repository\org\junit\platform\junit-platform-commons\1.7.2\junit-platform-commons-1.7.2.jar;C:\Users\leandro.asouza\.m2\repository\org\junit\jupiter\junit-jupiter-engine\5.7.2\junit-jupiter-engine-5.7.2.jar;C:\Users\leandro.asouza\.m2\repository\org\junit\platform\junit-platform-engine\1.7.2\junit-platform-engine-1.7.2.jar;C:\Users\leandro.asouza\.m2\repository\org\junit\vintage\junit-vintage-engine\5.7.2\junit-vintage-engine-5.7.2.jar;C:\Users\leandro.asouza\.m2\repository\org\mockito\mockito-core\3.11.2\mockito-core-3.11.2.jar;C:\Users\leandro.asouza\.m2\repository\net\bytebuddy\byte-buddy\1.11.3\byte-buddy-1.11.3.jar;C:\Users\leandro.asouza\.m2\repository\net\bytebuddy\byte-buddy-agent\1.11.3\byte-buddy-agent-1.11.3.jar;C:\Users\leandro.asouza\.m2\repository\org\objenesis\objenesis\3.2\objenesis-3.2.jar;C:\Users\leandro.asouza\.m2\repository\org\mockito\mockito-junit-jupiter\3.11.2\mockito-junit-jupiter-3.11.2.jar;C:\Users\leandro.asouza\.m2\repository\org\codehaus\groovy\groovy-test\2.5.14\groovy-test-2.5.14.jar;C:\Users\leandro.asouza\.m2\repository\org\codehaus\groovy\groovy\2.5.14\groovy-2.5.14.jar;"/>
    <property name="java.vm.vendor" value="Oracle Corporation"/>
    <property name="sun.arch.data.model" value="64"/>
    <property name="user.variant" value=""/>
    <property name="java.vendor.url" value="http://java.oracle.com/"/>
    <property name="user.timezone" value="America/Sao_Paulo"/>
    <property name="java.vm.specification.version" value="1.8"/>
    <property name="os.name" value="Windows 10"/>
    <property name="user.country" value="BR"/>
    <property name="sun.java.launcher" value="SUN_STANDARD"/>
    <property name="sun.boot.library.path" value="C:\Program Files\Java\jdk1.8.0_202\jre\bin"/>
    <property name="sun.java.command" value="C:\Users\leandro.asouza\AppData\Local\Temp\surefire5408697205654181371\surefirebooter9149148534024510661.jar C:\Users\leandro.asouza\AppData\Local\Temp\surefire5408697205654181371 2022-07-08T11-12-31_009-jvmRun1 surefire1123877851533196384tmp surefire_03980167956096691649tmp"/>
    <property name="surefire.test.class.path" value="C:\Users\leandro.asouza\Desktop\custom-processor\nifi-custom-processors\target\test-classes;C:\Users\leandro.asouza\Desktop\custom-processor\nifi-custom-processors\target\classes;C:\Users\leandro.asouza\.m2\repository\org\apache\nifi\nifi-api\1.15.3\nifi-api-1.15.3.jar;C:\Users\leandro.asouza\.m2\repository\org\apache\nifi\nifi-utils\1.15.3\nifi-utils-1.15.3.jar;C:\Users\leandro.asouza\.m2\repository\org\apache\nifi\nifi-mock\1.15.3\nifi-mock-1.15.3.jar;C:\Users\leandro.asouza\.m2\repository\org\apache\nifi\nifi-framework-api\1.15.3\nifi-framework-api-1.15.3.jar;C:\Users\leandro.asouza\.m2\repository\org\apache\nifi\nifi-parameter\1.15.3\nifi-parameter-1.15.3.jar;C:\Users\leandro.asouza\.m2\repository\org\apache\nifi\nifi-framework-core-api\1.15.3\nifi-framework-core-api-1.15.3.jar;C:\Users\leandro.asouza\.m2\repository\org\apache\nifi\nifi-framework-nar-utils\1.15.3\nifi-framework-nar-utils-1.15.3.jar;C:\Users\leandro.asouza\.m2\repository\org\apache\nifi\nifi-client-dto\1.15.3\nifi-client-dto-1.15.3.jar;C:\Users\leandro.asouza\.m2\repository\io\swagger\swagger-annotations\1.6.0\swagger-annotations-1.6.0.jar;C:\Users\leandro.asouza\.m2\repository\org\apache\nifi\nifi-site-to-site-client\1.15.3\nifi-site-to-site-client-1.15.3.jar;C:\Users\leandro.asouza\.m2\repository\org\apache\nifi\nifi-security-utils\1.15.3\nifi-security-utils-1.15.3.jar;C:\Users\leandro.asouza\.m2\repository\org\apache\nifi\nifi-security-utils-api\1.15.3\nifi-security-utils-api-1.15.3.jar;C:\Users\leandro.asouza\.m2\repository\org\apache\nifi\nifi-security-kms\1.15.3\nifi-security-kms-1.15.3.jar;C:\Users\leandro.asouza\.m2\repository\org\bouncycastle\bcprov-jdk15on\1.70\bcprov-jdk15on-1.70.jar;C:\Users\leandro.asouza\.m2\repository\org\bouncycastle\bcpkix-jdk15on\1.70\bcpkix-jdk15on-1.70.jar;C:\Users\leandro.asouza\.m2\repository\org\bouncycastle\bcutil-jdk15on\1.70\bcutil-jdk15on-1.70.jar;C:\Users\leandro.asouza\.m2\repository\org\apache\nifi\nifi-properties\1.15.3\nifi-properties-1.15.3.jar;C:\Users\leandro.asouza\.m2\repository\org\apache\nifi\nifi-property-utils\1.15.3\nifi-property-utils-1.15.3.jar;C:\Users\leandro.asouza\.m2\repository\at\favre\lib\bcrypt\0.9.0\bcrypt-0.9.0.jar;C:\Users\leandro.asouza\.m2\repository\at\favre\lib\bytes\1.3.0\bytes-1.3.0.jar;C:\Users\leandro.asouza\.m2\repository\org\apache\commons\commons-configuration2\2.7\commons-configuration2-2.7.jar;C:\Users\leandro.asouza\.m2\repository\org\apache\httpcomponents\httpclient\4.5.5\httpclient-4.5.5.jar;C:\Users\leandro.asouza\.m2\repository\org\apache\httpcomponents\httpcore\4.4.9\httpcore-4.4.9.jar;C:\Users\leandro.asouza\.m2\repository\org\apache\httpcomponents\httpasyncclient\4.1.4\httpasyncclient-4.1.4.jar;C:\Users\leandro.asouza\.m2\repository\org\apache\httpcomponents\httpcore-nio\4.4.10\httpcore-nio-4.4.10.jar;C:\Users\leandro.asouza\.m2\repository\org\apache\commons\commons-lang3\3.9\commons-lang3-3.9.jar;C:\Users\leandro.asouza\.m2\repository\org\apache\nifi\nifi-framework-authorization\1.15.3\nifi-framework-authorization-1.15.3.jar;C:\Users\leandro.asouza\.m2\repository\org\apache\nifi\registry\nifi-registry-data-model\1.15.3\nifi-registry-data-model-1.15.3.jar;C:\Users\leandro.asouza\.m2\repository\javax\validation\validation-api\2.0.1.Final\validation-api-2.0.1.Final.jar;C:\Users\leandro.asouza\.m2\repository\javax\ws\rs\javax.ws.rs-api\2.1\javax.ws.rs-api-2.1.jar;C:\Users\leandro.asouza\.m2\repository\org\apache\nifi\registry\nifi-registry-revision-entity-model\1.15.3\nifi-registry-revision-entity-model-1.15.3.jar;C:\Users\leandro.asouza\.m2\repository\org\apache\nifi\registry\nifi-registry-client\1.15.3\nifi-registry-client-1.15.3.jar;C:\Users\leandro.asouza\.m2\repository\org\apache\nifi\registry\nifi-registry-security-utils\1.15.3\nifi-registry-security-utils-1.15.3.jar;C:\Users\leandro.asouza\.m2\repository\org\glassfish\jersey\core\jersey-client\2.33\jersey-client-2.33.jar;C:\Users\leandro.asouza\.m2\repository\jakarta\ws\rs\jakarta.ws.rs-api\2.1.6\jakarta.ws.rs-api-2.1.6.jar;C:\Users\leandro.asouza\.m2\repository\org\glassfish\hk2\external\jakarta.inject\2.6.1\jakarta.inject-2.6.1.jar;C:\Users\leandro.asouza\.m2\repository\org\glassfish\jersey\media\jersey-media-json-jackson\2.33\jersey-media-json-jackson-2.33.jar;C:\Users\leandro.asouza\.m2\repository\org\glassfish\jersey\ext\jersey-entity-filtering\2.33\jersey-entity-filtering-2.33.jar;C:\Users\leandro.asouza\.m2\repository\com\fasterxml\jackson\module\jackson-module-jaxb-annotations\2.11.3\jackson-module-jaxb-annotations-2.11.3.jar;C:\Users\leandro.asouza\.m2\repository\jakarta\xml\bind\jakarta.xml.bind-api\2.3.2\jakarta.xml.bind-api-2.3.2.jar;C:\Users\leandro.asouza\.m2\repository\jakarta\activation\jakarta.activation-api\1.2.1\jakarta.activation-api-1.2.1.jar;C:\Users\leandro.asouza\.m2\repository\org\glassfish\jersey\inject\jersey-hk2\2.33\jersey-hk2-2.33.jar;C:\Users\leandro.asouza\.m2\repository\org\glassfish\hk2\hk2-locator\2.6.1\hk2-locator-2.6.1.jar;C:\Users\leandro.asouza\.m2\repository\org\glassfish\hk2\external\aopalliance-repackaged\2.6.1\aopalliance-repackaged-2.6.1.jar;C:\Users\leandro.asouza\.m2\repository\org\glassfish\hk2\hk2-api\2.6.1\hk2-api-2.6.1.jar;C:\Users\leandro.asouza\.m2\repository\org\glassfish\hk2\hk2-utils\2.6.1\hk2-utils-2.6.1.jar;C:\Users\leandro.asouza\.m2\repository\org\javassist\javassist\3.25.0-GA\javassist-3.25.0-GA.jar;C:\Users\leandro.asouza\.m2\repository\org\glassfish\jersey\core\jersey-common\2.33\jersey-common-2.33.jar;C:\Users\leandro.asouza\.m2\repository\jakarta\annotation\jakarta.annotation-api\1.3.5\jakarta.annotation-api-1.3.5.jar;C:\Users\leandro.asouza\.m2\repository\org\glassfish\hk2\osgi-resource-locator\1.0.3\osgi-resource-locator-1.0.3.jar;C:\Users\leandro.asouza\.m2\repository\org\glassfish\jersey\media\jersey-media-multipart\2.33\jersey-media-multipart-2.33.jar;C:\Users\leandro.asouza\.m2\repository\org\jvnet\mimepull\mimepull\1.9.13\mimepull-1.9.13.jar;C:\Users\leandro.asouza\.m2\repository\org\apache\nifi\nifi-expression-language\1.15.3\nifi-expression-language-1.15.3.jar;C:\Users\leandro.asouza\.m2\repository\org\antlr\antlr-runtime\3.5.2\antlr-runtime-3.5.2.jar;C:\Users\leandro.asouza\.m2\repository\org\apache\nifi\nifi-uuid5\1.15.3\nifi-uuid5-1.15.3.jar;C:\Users\leandro.asouza\.m2\repository\com\jayway\jsonpath\json-path\2.6.0\json-path-2.6.0.jar;C:\Users\leandro.asouza\.m2\repository\net\minidev\json-smart\2.4.7\json-smart-2.4.7.jar;C:\Users\leandro.asouza\.m2\repository\net\minidev\accessors-smart\2.4.7\accessors-smart-2.4.7.jar;C:\Users\leandro.asouza\.m2\repository\org\ow2\asm\asm\9.1\asm-9.1.jar;C:\Users\leandro.asouza\.m2\repository\com\fasterxml\jackson\core\jackson-databind\2.12.5\jackson-databind-2.12.5.jar;C:\Users\leandro.asouza\.m2\repository\com\fasterxml\jackson\core\jackson-annotations\2.12.5\jackson-annotations-2.12.5.jar;C:\Users\leandro.asouza\.m2\repository\com\fasterxml\jackson\core\jackson-core\2.12.5\jackson-core-2.12.5.jar;C:\Users\leandro.asouza\.m2\repository\org\apache\commons\commons-text\1.8\commons-text-1.8.jar;C:\Users\leandro.asouza\.m2\repository\commons-codec\commons-codec\1.14\commons-codec-1.14.jar;C:\Users\leandro.asouza\.m2\repository\org\apache\nifi\nifi-data-provenance-utils\1.15.3\nifi-data-provenance-utils-1.15.3.jar;C:\Users\leandro.asouza\.m2\repository\org\slf4j\slf4j-simple\1.7.32\slf4j-simple-1.7.32.jar;C:\Users\leandro.asouza\.m2\repository\org\slf4j\slf4j-api\1.7.32\slf4j-api-1.7.32.jar;C:\Users\leandro.asouza\.m2\repository\junit\junit\4.13.2\junit-4.13.2.jar;C:\Users\leandro.asouza\.m2\repository\org\hamcrest\hamcrest-core\1.3\hamcrest-core-1.3.jar;C:\Users\leandro.asouza\.m2\repository\org\junit\jupiter\junit-jupiter-api\5.7.2\junit-jupiter-api-5.7.2.jar;C:\Users\leandro.asouza\.m2\repository\org\apiguardian\apiguardian-api\1.1.0\apiguardian-api-1.1.0.jar;C:\Users\leandro.asouza\.m2\repository\org\opentest4j\opentest4j\1.2.0\opentest4j-1.2.0.jar;C:\Users\leandro.asouza\.m2\repository\org\junit\platform\junit-platform-commons\1.7.2\junit-platform-commons-1.7.2.jar;C:\Users\leandro.asouza\.m2\repository\org\junit\jupiter\junit-jupiter-engine\5.7.2\junit-jupiter-engine-5.7.2.jar;C:\Users\leandro.asouza\.m2\repository\org\junit\platform\junit-platform-engine\1.7.2\junit-platform-engine-1.7.2.jar;C:\Users\leandro.asouza\.m2\repository\org\junit\vintage\junit-vintage-engine\5.7.2\junit-vintage-engine-5.7.2.jar;C:\Users\leandro.asouza\.m2\repository\org\mockito\mockito-core\3.11.2\mockito-core-3.11.2.jar;C:\Users\leandro.asouza\.m2\repository\net\bytebuddy\byte-buddy\1.11.3\byte-buddy-1.11.3.jar;C:\Users\leandro.asouza\.m2\repository\net\bytebuddy\byte-buddy-agent\1.11.3\byte-buddy-agent-1.11.3.jar;C:\Users\leandro.asouza\.m2\repository\org\objenesis\objenesis\3.2\objenesis-3.2.jar;C:\Users\leandro.asouza\.m2\repository\org\mockito\mockito-junit-jupiter\3.11.2\mockito-junit-jupiter-3.11.2.jar;C:\Users\leandro.asouza\.m2\repository\org\codehaus\groovy\groovy-test\2.5.14\groovy-test-2.5.14.jar;C:\Users\leandro.asouza\.m2\repository\org\codehaus\groovy\groovy\2.5.14\groovy-2.5.14.jar;"/>
    <property name="sun.cpu.endian" value="little"/>
    <property name="user.home" value="C:\Users\leandro.asouza"/>
    <property name="user.language" value="pt"/>
    <property name="java.specification.vendor" value="Oracle Corporation"/>
    <property name="java.home" value="C:\Program Files\Java\jdk1.8.0_202\jre"/>
    <property name="basedir" value="C:\Users\leandro.asouza\Desktop\custom-processor\nifi-custom-processors"/>
    <property name="file.separator" value="\"/>
    <property name="line.separator" value="&#10;"/>
    <property name="java.vm.specification.vendor" value="Oracle Corporation"/>
    <property name="java.specification.name" value="Java Platform API Specification"/>
    <property name="java.awt.graphicsenv" value="sun.awt.Win32GraphicsEnvironment"/>
    <property name="java.awt.headless" value="true"/>
    <property name="surefire.real.class.path" value="C:\Users\leandro.asouza\AppData\Local\Temp\surefire5408697205654181371\surefirebooter9149148534024510661.jar"/>
    <property name="sun.boot.class.path" value="C:\Program Files\Java\jdk1.8.0_202\jre\lib\resources.jar;C:\Program Files\Java\jdk1.8.0_202\jre\lib\rt.jar;C:\Program Files\Java\jdk1.8.0_202\jre\lib\sunrsasign.jar;C:\Program Files\Java\jdk1.8.0_202\jre\lib\jsse.jar;C:\Program Files\Java\jdk1.8.0_202\jre\lib\jce.jar;C:\Program Files\Java\jdk1.8.0_202\jre\lib\charsets.jar;C:\Program Files\Java\jdk1.8.0_202\jre\lib\jfr.jar;C:\Program Files\Java\jdk1.8.0_202\jre\classes"/>
    <property name="user.script" value=""/>
    <property name="sun.management.compiler" value="HotSpot 64-Bit Tiered Compilers"/>
    <property name="java.runtime.version" value="1.8.0_202-b08"/>
    <property name="java.net.preferIPv4Stack" value="true"/>
    <property name="user.name" value="leandro.asouza"/>
    <property name="path.separator" value=";"/>
    <property name="os.version" value="10.0"/>
    <property name="java.endorsed.dirs" value="C:\Program Files\Java\jdk1.8.0_202\jre\lib\endorsed"/>
    <property name="java.runtime.name" value="Java(TM) SE Runtime Environment"/>
    <property name="file.encoding" value="UTF-8"/>
    <property name="java.vm.name" value="Java HotSpot(TM) 64-Bit Server VM"/>
    <property name="localRepository" value="C:\Users\leandro.asouza\.m2\repository"/>
    <property name="java.vendor.url.bug" value="http://bugreport.sun.com/bugreport/"/>
    <property name="java.io.tmpdir" value="C:\Users\LEANDR~1.ASO\AppData\Local\Temp\"/>
    <property name="java.version" value="1.8.0_202"/>
    <property name="user.dir" value="C:\Users\leandro.asouza\Desktop\custom-processor\nifi-custom-processors"/>
    <property name="os.arch" value="amd64"/>
    <property name="java.vm.specification.name" value="Java Virtual Machine Specification"/>
    <property name="java.awt.printerjob" value="sun.awt.windows.WPrinterJob"/>
    <property name="sun.os.patch.level" value=""/>
    <property name="java.library.path" value="C:\Program Files\Java\jdk1.8.0_202\jre\bin;C:\WINDOWS\Sun\Java\bin;C:\WINDOWS\system32;C:\WINDOWS;C:/Users/leandro.asouza/.p2/pool/plugins/org.eclipse.justj.openjdk.hotspot.jre.full.win32.x86_64_11.0.2.v20200815-0835/jre/bin/server;C:/Users/leandro.asouza/.p2/pool/plugins/org.eclipse.justj.openjdk.hotspot.jre.full.win32.x86_64_11.0.2.v20200815-0835/jre/bin;C:\Program Files (x86)\Common Files\Oracle\Java\javapath;C:\Python27\;C:\Python27\Scripts;C:\app\Oracle\product\11.2.0\client_2\bin;C:\app\Oracle\product\11.2.0\client_1\bin;C:\orant6\bin;C:\WINDOWS\system32;C:\WINDOWS;C:\WINDOWS\System32\Wbem;C:\WINDOWS\System32\WindowsPowerShell\v1.0\;C:\orant6\jdk\bin;C:\WINDOWS\System32\OpenSSH\;C:\WINDOWS\CCM;C:\maven\bin;C:\Program Files\Git\cmd;C:\ProgramData\chocolatey\bin;C:\Program Files\nodejs\;C:\Program Files\Java\jdk1.8.0_202\bin;C:\Users\leandro.asouza\AppData\Local\Microsoft\WindowsApps;;C:\Users\leandro.asouza\AppData\Local\Programs\Microsoft VS Code\bin;C:\Users\leandro.asouza\AppData\Roaming\npm;C:\Users\leandro.asouza\Desktop;;."/>
    <property name="java.vm.info" value="mixed mode"/>
    <property name="java.vendor" value="Oracle Corporation"/>
    <property name="java.vm.version" value="25.202-b08"/>
    <property name="java.ext.dirs" value="C:\Program Files\Java\jdk1.8.0_202\jre\lib\ext;C:\WINDOWS\Sun\Java\lib\ext"/>
    <property name="sun.io.unicode.encoding" value="UnicodeLittle"/>
    <property name="java.class.version" value="52.0"/>
  </properties>
  <testcase name="testProcessor" classname="br.com.fivetec.processors.custom.MyProcessorTest" time="0.308"/>
</testsuite>